<?xml version="1.0" encoding="UTF-8"?>
<testsuite name="tests.SearchTests" tests="4" skipped="0" failures="1" errors="0" timestamp="2022-03-18T08:04:39" hostname="DESKTOP-GTJO46A" time="24.94">
  <properties/>
  <testcase name="searchPeriodAnyDataInFuture" classname="tests.SearchTests" time="10.467">
    <failure message="org.openqa.selenium.NoSuchElementException: no such element: Unable to locate element: {&quot;method&quot;:&quot;css selector&quot;,&quot;selector&quot;:&quot;#city&quot;}&#10;  (Session info: chrome=99.0.4844.74)&#10;For documentation on this error, please visit: https://www.seleniumhq.org/exceptions/no_such_element.html&#10;Build info: version: '3.141.59', revision: 'e82be7d358', time: '2018-11-14T08:17:03'&#10;System info: host: 'DESKTOP-GTJO46A', ip: '192.168.1.105', os.name: 'Windows 10', os.arch: 'amd64', os.version: '10.0', java.version: '11.0.13'&#10;Driver info: org.openqa.selenium.chrome.ChromeDriver&#10;Capabilities {acceptInsecureCerts: false, browserName: chrome, browserVersion: 99.0.4844.74, chrome: {chromedriverVersion: 99.0.4844.51 (d537ec02474b5..., userDataDir: C:\Users\Alex\AppData\Local...}, goog:chromeOptions: {debuggerAddress: localhost:56528}, javascriptEnabled: true, networkConnectionEnabled: false, pageLoadStrategy: normal, platform: WINDOWS, platformName: WINDOWS, proxy: Proxy(), setWindowRect: true, strictFileInteractability: false, timeouts: {implicit: 0, pageLoad: 300000, script: 30000}, unhandledPromptBehavior: dismiss and notify, webauthn:extension:credBlob: true, webauthn:extension:largeBlob: true, webauthn:virtualAuthenticators: true}&#10;Session ID: 8dc636f18e76d0c248348d9566e1f228&#10;*** Element info: {Using=id, value=city}" type="org.openqa.selenium.NoSuchElementException">org.openqa.selenium.NoSuchElementException: no such element: Unable to locate element: {&quot;method&quot;:&quot;css selector&quot;,&quot;selector&quot;:&quot;#city&quot;}
  (Session info: chrome=99.0.4844.74)
For documentation on this error, please visit: https://www.seleniumhq.org/exceptions/no_such_element.html
Build info: version: '3.141.59', revision: 'e82be7d358', time: '2018-11-14T08:17:03'
System info: host: 'DESKTOP-GTJO46A', ip: '192.168.1.105', os.name: 'Windows 10', os.arch: 'amd64', os.version: '10.0', java.version: '11.0.13'
Driver info: org.openqa.selenium.chrome.ChromeDriver
Capabilities {acceptInsecureCerts: false, browserName: chrome, browserVersion: 99.0.4844.74, chrome: {chromedriverVersion: 99.0.4844.51 (d537ec02474b5..., userDataDir: C:\Users\Alex\AppData\Local...}, goog:chromeOptions: {debuggerAddress: localhost:56528}, javascriptEnabled: true, networkConnectionEnabled: false, pageLoadStrategy: normal, platform: WINDOWS, platformName: WINDOWS, proxy: Proxy(), setWindowRect: true, strictFileInteractability: false, timeouts: {implicit: 0, pageLoad: 300000, script: 30000}, unhandledPromptBehavior: dismiss and notify, webauthn:extension:credBlob: true, webauthn:extension:largeBlob: true, webauthn:virtualAuthenticators: true}
Session ID: 8dc636f18e76d0c248348d9566e1f228
*** Element info: {Using=id, value=city}
	at manager.MyListener.onException(MyListener.java:32)
	at java.base/jdk.internal.reflect.NativeMethodAccessorImpl.invoke0(Native Method)
	at java.base/jdk.internal.reflect.NativeMethodAccessorImpl.invoke(NativeMethodAccessorImpl.java:62)
	at java.base/jdk.internal.reflect.DelegatingMethodAccessorImpl.invoke(DelegatingMethodAccessorImpl.java:43)
	at java.base/java.lang.reflect.Method.invoke(Method.java:566)
	at org.openqa.selenium.support.events.EventFiringWebDriver.lambda$new$0(EventFiringWebDriver.java:84)
	at com.sun.proxy.$Proxy13.onException(Unknown Source)
	at org.openqa.selenium.support.events.EventFiringWebDriver.lambda$new$1(EventFiringWebDriver.java:107)
	at com.sun.proxy.$Proxy14.findElement(Unknown Source)
	at org.openqa.selenium.support.events.EventFiringWebDriver.findElement(EventFiringWebDriver.java:194)
	at manager.HelperBase.type(HelperBase.java:24)
	at manager.HelperSearch.fillInputCity(HelperSearch.java:44)
	at manager.HelperSearch.fillSearchFormInFuture(HelperSearch.java:58)
	at tests.SearchTests.searchPeriodAnyDataInFuture(SearchTests.java:40)
	at java.base/jdk.internal.reflect.NativeMethodAccessorImpl.invoke0(Native Method)
	at java.base/jdk.internal.reflect.NativeMethodAccessorImpl.invoke(NativeMethodAccessorImpl.java:62)
	at java.base/jdk.internal.reflect.DelegatingMethodAccessorImpl.invoke(DelegatingMethodAccessorImpl.java:43)
	at java.base/java.lang.reflect.Method.invoke(Method.java:566)
	at org.testng.internal.MethodInvocationHelper.invokeMethod(MethodInvocationHelper.java:133)
	at org.testng.internal.TestInvoker.invokeMethod(TestInvoker.java:598)
	at org.testng.internal.TestInvoker.invokeTestMethod(TestInvoker.java:173)
	at org.testng.internal.MethodRunner.runInSequence(MethodRunner.java:46)
	at org.testng.internal.TestInvoker$MethodInvocationAgent.invoke(TestInvoker.java:824)
	at org.testng.internal.TestInvoker.invokeTestMethods(TestInvoker.java:146)
	at org.testng.internal.TestMethodWorker.invokeTestMethods(TestMethodWorker.java:146)
	at org.testng.internal.TestMethodWorker.run(TestMethodWorker.java:128)
	at java.base/java.util.ArrayList.forEach(ArrayList.java:1541)
	at org.testng.TestRunner.privateRun(TestRunner.java:794)
	at org.testng.TestRunner.run(TestRunner.java:596)
	at org.testng.SuiteRunner.runTest(SuiteRunner.java:377)
	at org.testng.SuiteRunner.runSequentially(SuiteRunner.java:371)
	at org.testng.SuiteRunner.privateRun(SuiteRunner.java:332)
	at org.testng.SuiteRunner.run(SuiteRunner.java:276)
	at org.testng.SuiteRunnerWorker.runSuite(SuiteRunnerWorker.java:53)
	at org.testng.SuiteRunnerWorker.run(SuiteRunnerWorker.java:96)
	at org.testng.TestNG.runSuitesSequentially(TestNG.java:1212)
	at org.testng.TestNG.runSuitesLocally(TestNG.java:1134)
	at org.testng.TestNG.runSuites(TestNG.java:1063)
	at org.testng.TestNG.run(TestNG.java:1031)
	at org.gradle.api.internal.tasks.testing.testng.TestNGTestClassProcessor.runTests(TestNGTestClassProcessor.java:141)
	at org.gradle.api.internal.tasks.testing.testng.TestNGTestClassProcessor.stop(TestNGTestClassProcessor.java:90)
	at org.gradle.api.internal.tasks.testing.SuiteTestClassProcessor.stop(SuiteTestClassProcessor.java:61)
	at java.base/jdk.internal.reflect.NativeMethodAccessorImpl.invoke0(Native Method)
	at java.base/jdk.internal.reflect.NativeMethodAccessorImpl.invoke(NativeMethodAccessorImpl.java:62)
	at java.base/jdk.internal.reflect.DelegatingMethodAccessorImpl.invoke(DelegatingMethodAccessorImpl.java:43)
	at java.base/java.lang.reflect.Method.invoke(Method.java:566)
	at org.gradle.internal.dispatch.ReflectionDispatch.dispatch(ReflectionDispatch.java:35)
	at org.gradle.internal.dispatch.ReflectionDispatch.dispatch(ReflectionDispatch.java:24)
	at org.gradle.internal.dispatch.ContextClassLoaderDispatch.dispatch(ContextClassLoaderDispatch.java:32)
	at org.gradle.internal.dispatch.ProxyDispatchAdapter$DispatchingInvocationHandler.invoke(ProxyDispatchAdapter.java:93)
	at com.sun.proxy.$Proxy2.stop(Unknown Source)
	at org.gradle.api.internal.tasks.testing.worker.TestWorker.stop(TestWorker.java:132)
	at java.base/jdk.internal.reflect.NativeMethodAccessorImpl.invoke0(Native Method)
	at java.base/jdk.internal.reflect.NativeMethodAccessorImpl.invoke(NativeMethodAccessorImpl.java:62)
	at java.base/jdk.internal.reflect.DelegatingMethodAccessorImpl.invoke(DelegatingMethodAccessorImpl.java:43)
	at java.base/java.lang.reflect.Method.invoke(Method.java:566)
	at org.gradle.internal.dispatch.ReflectionDispatch.dispatch(ReflectionDispatch.java:35)
	at org.gradle.internal.dispatch.ReflectionDispatch.dispatch(ReflectionDispatch.java:24)
	at org.gradle.internal.remote.internal.hub.MessageHubBackedObjectConnection$DispatchWrapper.dispatch(MessageHubBackedObjectConnection.java:175)
	at org.gradle.internal.remote.internal.hub.MessageHubBackedObjectConnection$DispatchWrapper.dispatch(MessageHubBackedObjectConnection.java:157)
	at org.gradle.internal.remote.internal.hub.MessageHub$Handler.run(MessageHub.java:404)
	at org.gradle.internal.concurrent.ExecutorPolicy$CatchAndRecordFailures.onExecute(ExecutorPolicy.java:63)
	at org.gradle.internal.concurrent.ManagedExecutorImpl$1.run(ManagedExecutorImpl.java:46)
	at java.base/java.util.concurrent.ThreadPoolExecutor.runWorker(ThreadPoolExecutor.java:1128)
	at java.base/java.util.concurrent.ThreadPoolExecutor$Worker.run(ThreadPoolExecutor.java:628)
	at org.gradle.internal.concurrent.ThreadFactoryImpl$ManagedThreadRunnable.run(ThreadFactoryImpl.java:55)
	at java.base/java.lang.Thread.run(Thread.java:834)
</failure>
  </testcase>
  <testcase name="searchPeriodCurrentMonth" classname="tests.SearchTests" time="6.728"/>
  <testcase name="searchPeriodCurrentMonth2" classname="tests.SearchTests" time="6.919"/>
  <testcase name="typePeriodInFuture" classname="tests.SearchTests" time="0.0"/>
  <system-out><![CDATA[10:04:39. INFO  tests.TestBase - Test name ----->searchPeriodAnyDataInFuture
10:04:39. INFO  manager.MyListener - Start search element by locator --->By.id: city
10:04:49. INFO  manager.MyListener - Something went wrong!!!
10:04:49. INFO  manager.MyListener - no such element: Unable to locate element: {"method":"css selector","selector":"#city"}
  (Session info: chrome=99.0.4844.74)
For documentation on this error, please visit: https://www.seleniumhq.org/exceptions/no_such_element.html
Build info: version: '3.141.59', revision: 'e82be7d358', time: '2018-11-14T08:17:03'
System info: host: 'DESKTOP-GTJO46A', ip: '192.168.1.105', os.name: 'Windows 10', os.arch: 'amd64', os.version: '10.0', java.version: '11.0.13'
Driver info: org.openqa.selenium.chrome.ChromeDriver
Capabilities {acceptInsecureCerts: false, browserName: chrome, browserVersion: 99.0.4844.74, chrome: {chromedriverVersion: 99.0.4844.51 (d537ec02474b5..., userDataDir: C:\Users\Alex\AppData\Local...}, goog:chromeOptions: {debuggerAddress: localhost:56528}, javascriptEnabled: true, networkConnectionEnabled: false, pageLoadStrategy: normal, platform: WINDOWS, platformName: WINDOWS, proxy: Proxy(), setWindowRect: true, strictFileInteractability: false, timeouts: {implicit: 0, pageLoad: 300000, script: 30000}, unhandledPromptBehavior: dismiss and notify, webauthn:extension:credBlob: true, webauthn:extension:largeBlob: true, webauthn:virtualAuthenticators: true}
Session ID: 8dc636f18e76d0c248348d9566e1f228
*** Element info: {Using=id, value=city}
10:04:49. INFO  manager.MyListener - org.openqa.selenium.NoSuchElementException: no such element: Unable to locate element: {"method":"css selector","selector":"#city"}
  (Session info: chrome=99.0.4844.74)
For documentation on this error, please visit: https://www.seleniumhq.org/exceptions/no_such_element.html
Build info: version: '3.141.59', revision: 'e82be7d358', time: '2018-11-14T08:17:03'
System info: host: 'DESKTOP-GTJO46A', ip: '192.168.1.105', os.name: 'Windows 10', os.arch: 'amd64', os.version: '10.0', java.version: '11.0.13'
Driver info: org.openqa.selenium.chrome.ChromeDriver
Capabilities {acceptInsecureCerts: false, browserName: chrome, browserVersion: 99.0.4844.74, chrome: {chromedriverVersion: 99.0.4844.51 (d537ec02474b5..., userDataDir: C:\Users\Alex\AppData\Local...}, goog:chromeOptions: {debuggerAddress: localhost:56528}, javascriptEnabled: true, networkConnectionEnabled: false, pageLoadStrategy: normal, platform: WINDOWS, platformName: WINDOWS, proxy: Proxy(), setWindowRect: true, strictFileInteractability: false, timeouts: {implicit: 0, pageLoad: 300000, script: 30000}, unhandledPromptBehavior: dismiss and notify, webauthn:extension:credBlob: true, webauthn:extension:largeBlob: true, webauthn:virtualAuthenticators: true}
Session ID: 8dc636f18e76d0c248348d9566e1f228
*** Element info: {Using=id, value=city}
10:04:49. INFO  manager.MyListener - This link to screenshot with error ------>src/test/screenshots289.png
10:04:49. INFO  manager.MyListener - Start search element by locator --->By.cssSelector: .header a[href='/']
10:04:49. INFO  manager.MyListener - The element with locator --->By.cssSelector: .header a[href='/']was found
10:04:50. INFO  tests.TestBase - Test endsearchPeriodAnyDataInFuture
10:04:50. INFO  tests.TestBase - Test name ----->searchPeriodCurrentMonth
10:04:50. INFO  manager.MyListener - Start search element by locator --->By.id: city
10:04:50. INFO  manager.MyListener - The element with locator --->By.id: citywas found
10:04:50. INFO  manager.MyListener - Start search element by locator --->By.cssSelector: .pac-item
10:04:50. INFO  manager.MyListener - The element with locator --->By.cssSelector: .pac-itemwas found
10:04:51. INFO  manager.MyListener - Start search element by locator --->By.id: dates
10:04:51. INFO  manager.MyListener - The element with locator --->By.id: dateswas found
10:04:51. INFO  manager.MyListener - Start search element by locator --->By.xpath: //div[text()=' 25 ']
10:04:51. INFO  manager.MyListener - The element with locator --->By.xpath: //div[text()=' 25 ']was found
10:04:51. INFO  manager.MyListener - Start search element by locator --->By.xpath: //div[text()=' 28 ']
10:04:51. INFO  manager.MyListener - The element with locator --->By.xpath: //div[text()=' 28 ']was found
10:04:56. INFO  manager.MyListener - Start search element by locator --->By.xpath: //button[@type='submit']
10:04:56. INFO  manager.MyListener - The element with locator --->By.xpath: //button[@type='submit']was found
10:04:56. INFO  manager.MyListener - Start search element by locator --->By.cssSelector: .search-results
10:04:56. INFO  manager.MyListener - The element with locator --->By.cssSelector: .search-resultswas found
10:04:56. INFO  manager.MyListener - Start search element by locator --->By.cssSelector: .header a[href='/']
10:04:56. INFO  manager.MyListener - The element with locator --->By.cssSelector: .header a[href='/']was found
10:04:57. INFO  tests.TestBase - Test endsearchPeriodCurrentMonth
10:04:57. INFO  tests.TestBase - Test name ----->searchPeriodCurrentMonth2
10:04:57. INFO  manager.MyListener - Start search element by locator --->By.id: city
10:04:57. INFO  manager.MyListener - The element with locator --->By.id: citywas found
10:04:57. INFO  manager.MyListener - Start search element by locator --->By.cssSelector: .pac-item
10:04:58. INFO  manager.MyListener - The element with locator --->By.cssSelector: .pac-itemwas found
10:04:58. INFO  manager.MyListener - Start search element by locator --->By.id: dates
10:04:58. INFO  manager.MyListener - The element with locator --->By.id: dateswas found
10:04:58. INFO  manager.MyListener - Start search element by locator --->By.xpath: //div[text()=' 25 ']
10:04:58. INFO  manager.MyListener - The element with locator --->By.xpath: //div[text()=' 25 ']was found
10:04:58. INFO  manager.MyListener - Start search element by locator --->By.xpath: //div[text()=' 28 ']
10:04:58. INFO  manager.MyListener - The element with locator --->By.xpath: //div[text()=' 28 ']was found
10:05:03. INFO  manager.MyListener - Start search element by locator --->By.xpath: //button[@type='submit']
10:05:03. INFO  manager.MyListener - The element with locator --->By.xpath: //button[@type='submit']was found
10:05:04. INFO  manager.MyListener - Start search element by locator --->By.cssSelector: .search-results
10:05:04. INFO  manager.MyListener - The element with locator --->By.cssSelector: .search-resultswas found
10:05:04. INFO  manager.MyListener - Start search element by locator --->By.cssSelector: .header a[href='/']
10:05:04. INFO  manager.MyListener - The element with locator --->By.cssSelector: .header a[href='/']was found
10:05:04. INFO  tests.TestBase - Test endsearchPeriodCurrentMonth2
10:05:04. INFO  tests.TestBase - Test name ----->typePeriodInFuture
10:05:04. INFO  manager.MyListener - Start search element by locator --->By.cssSelector: .header a[href='/']
10:05:04. INFO  manager.MyListener - The element with locator --->By.cssSelector: .header a[href='/']was found
10:05:04. INFO  tests.TestBase - Test endtypePeriodInFuture
]]></system-out>
  <system-err><![CDATA[]]></system-err>
</testsuite>
