<!DOCTYPE html>
<html>
<head>
<meta http-equiv="Content-Type" content="text/html; charset=utf-8"/>
<meta http-equiv="x-ua-compatible" content="IE=edge"/>
<title>Test results - Class tests.SearchTests</title>
<link href="../css/base-style.css" rel="stylesheet" type="text/css"/>
<link href="../css/style.css" rel="stylesheet" type="text/css"/>
<script src="../js/report.js" type="text/javascript"></script>
</head>
<body>
<div id="content">
<h1>Class tests.SearchTests</h1>
<div class="breadcrumbs">
<a href="../index.html">all</a> &gt; 
<a href="../packages/tests.html">tests</a> &gt; SearchTests</div>
<div id="summary">
<table>
<tr>
<td>
<div class="summaryGroup">
<table>
<tr>
<td>
<div class="infoBox" id="tests">
<div class="counter">4</div>
<p>tests</p>
</div>
</td>
<td>
<div class="infoBox" id="failures">
<div class="counter">1</div>
<p>failures</p>
</div>
</td>
<td>
<div class="infoBox" id="ignored">
<div class="counter">0</div>
<p>ignored</p>
</div>
</td>
<td>
<div class="infoBox" id="duration">
<div class="counter">24.114s</div>
<p>duration</p>
</div>
</td>
</tr>
</table>
</div>
</td>
<td>
<div class="infoBox failures" id="successRate">
<div class="percent">75%</div>
<p>successful</p>
</div>
</td>
</tr>
</table>
</div>
<div id="tabs">
<ul class="tabLinks">
<li>
<a href="#tab0">Failed tests</a>
</li>
<li>
<a href="#tab1">Tests</a>
</li>
<li>
<a href="#tab2">Standard output</a>
</li>
</ul>
<div id="tab0" class="tab">
<h2>Failed tests</h2>
<div class="test">
<a name="searchPeriodAnyDataInFuture"></a>
<h3 class="failures">searchPeriodAnyDataInFuture</h3>
<span class="code">
<pre>org.openqa.selenium.NoSuchElementException: no such element: Unable to locate element: {&quot;method&quot;:&quot;css selector&quot;,&quot;selector&quot;:&quot;#city&quot;}
  (Session info: chrome=99.0.4844.74)
For documentation on this error, please visit: https://www.seleniumhq.org/exceptions/no_such_element.html
Build info: version: '3.141.59', revision: 'e82be7d358', time: '2018-11-14T08:17:03'
System info: host: 'DESKTOP-GTJO46A', ip: '192.168.1.105', os.name: 'Windows 10', os.arch: 'amd64', os.version: '10.0', java.version: '11.0.13'
Driver info: org.openqa.selenium.chrome.ChromeDriver
Capabilities {acceptInsecureCerts: false, browserName: chrome, browserVersion: 99.0.4844.74, chrome: {chromedriverVersion: 99.0.4844.51 (d537ec02474b5..., userDataDir: C:\Users\Alex\AppData\Local...}, goog:chromeOptions: {debuggerAddress: localhost:56528}, javascriptEnabled: true, networkConnectionEnabled: false, pageLoadStrategy: normal, platform: WINDOWS, platformName: WINDOWS, proxy: Proxy(), setWindowRect: true, strictFileInteractability: false, timeouts: {implicit: 0, pageLoad: 300000, script: 30000}, unhandledPromptBehavior: dismiss and notify, webauthn:extension:credBlob: true, webauthn:extension:largeBlob: true, webauthn:virtualAuthenticators: true}
Session ID: 8dc636f18e76d0c248348d9566e1f228
*** Element info: {Using=id, value=city}
	at manager.MyListener.onException(MyListener.java:32)
	at java.base/jdk.internal.reflect.NativeMethodAccessorImpl.invoke0(Native Method)
	at java.base/jdk.internal.reflect.NativeMethodAccessorImpl.invoke(NativeMethodAccessorImpl.java:62)
	at java.base/jdk.internal.reflect.DelegatingMethodAccessorImpl.invoke(DelegatingMethodAccessorImpl.java:43)
	at java.base/java.lang.reflect.Method.invoke(Method.java:566)
	at org.openqa.selenium.support.events.EventFiringWebDriver.lambda$new$0(EventFiringWebDriver.java:84)
	at com.sun.proxy.$Proxy13.onException(Unknown Source)
	at org.openqa.selenium.support.events.EventFiringWebDriver.lambda$new$1(EventFiringWebDriver.java:107)
	at com.sun.proxy.$Proxy14.findElement(Unknown Source)
	at org.openqa.selenium.support.events.EventFiringWebDriver.findElement(EventFiringWebDriver.java:194)
	at manager.HelperBase.type(HelperBase.java:24)
	at manager.HelperSearch.fillInputCity(HelperSearch.java:44)
	at manager.HelperSearch.fillSearchFormInFuture(HelperSearch.java:58)
	at tests.SearchTests.searchPeriodAnyDataInFuture(SearchTests.java:40)
	at java.base/jdk.internal.reflect.NativeMethodAccessorImpl.invoke0(Native Method)
	at java.base/jdk.internal.reflect.NativeMethodAccessorImpl.invoke(NativeMethodAccessorImpl.java:62)
	at java.base/jdk.internal.reflect.DelegatingMethodAccessorImpl.invoke(DelegatingMethodAccessorImpl.java:43)
	at java.base/java.lang.reflect.Method.invoke(Method.java:566)
	at org.testng.internal.MethodInvocationHelper.invokeMethod(MethodInvocationHelper.java:133)
	at org.testng.internal.TestInvoker.invokeMethod(TestInvoker.java:598)
	at org.testng.internal.TestInvoker.invokeTestMethod(TestInvoker.java:173)
	at org.testng.internal.MethodRunner.runInSequence(MethodRunner.java:46)
	at org.testng.internal.TestInvoker$MethodInvocationAgent.invoke(TestInvoker.java:824)
	at org.testng.internal.TestInvoker.invokeTestMethods(TestInvoker.java:146)
	at org.testng.internal.TestMethodWorker.invokeTestMethods(TestMethodWorker.java:146)
	at org.testng.internal.TestMethodWorker.run(TestMethodWorker.java:128)
	at java.base/java.util.ArrayList.forEach(ArrayList.java:1541)
	at org.testng.TestRunner.privateRun(TestRunner.java:794)
	at org.testng.TestRunner.run(TestRunner.java:596)
	at org.testng.SuiteRunner.runTest(SuiteRunner.java:377)
	at org.testng.SuiteRunner.runSequentially(SuiteRunner.java:371)
	at org.testng.SuiteRunner.privateRun(SuiteRunner.java:332)
	at org.testng.SuiteRunner.run(SuiteRunner.java:276)
	at org.testng.SuiteRunnerWorker.runSuite(SuiteRunnerWorker.java:53)
	at org.testng.SuiteRunnerWorker.run(SuiteRunnerWorker.java:96)
	at org.testng.TestNG.runSuitesSequentially(TestNG.java:1212)
	at org.testng.TestNG.runSuitesLocally(TestNG.java:1134)
	at org.testng.TestNG.runSuites(TestNG.java:1063)
	at org.testng.TestNG.run(TestNG.java:1031)
	at org.gradle.api.internal.tasks.testing.testng.TestNGTestClassProcessor.runTests(TestNGTestClassProcessor.java:141)
	at org.gradle.api.internal.tasks.testing.testng.TestNGTestClassProcessor.stop(TestNGTestClassProcessor.java:90)
	at org.gradle.api.internal.tasks.testing.SuiteTestClassProcessor.stop(SuiteTestClassProcessor.java:61)
	at java.base/jdk.internal.reflect.NativeMethodAccessorImpl.invoke0(Native Method)
	at java.base/jdk.internal.reflect.NativeMethodAccessorImpl.invoke(NativeMethodAccessorImpl.java:62)
	at java.base/jdk.internal.reflect.DelegatingMethodAccessorImpl.invoke(DelegatingMethodAccessorImpl.java:43)
	at java.base/java.lang.reflect.Method.invoke(Method.java:566)
	at org.gradle.internal.dispatch.ReflectionDispatch.dispatch(ReflectionDispatch.java:35)
	at org.gradle.internal.dispatch.ReflectionDispatch.dispatch(ReflectionDispatch.java:24)
	at org.gradle.internal.dispatch.ContextClassLoaderDispatch.dispatch(ContextClassLoaderDispatch.java:32)
	at org.gradle.internal.dispatch.ProxyDispatchAdapter$DispatchingInvocationHandler.invoke(ProxyDispatchAdapter.java:93)
	at com.sun.proxy.$Proxy2.stop(Unknown Source)
	at org.gradle.api.internal.tasks.testing.worker.TestWorker.stop(TestWorker.java:132)
	at java.base/jdk.internal.reflect.NativeMethodAccessorImpl.invoke0(Native Method)
	at java.base/jdk.internal.reflect.NativeMethodAccessorImpl.invoke(NativeMethodAccessorImpl.java:62)
	at java.base/jdk.internal.reflect.DelegatingMethodAccessorImpl.invoke(DelegatingMethodAccessorImpl.java:43)
	at java.base/java.lang.reflect.Method.invoke(Method.java:566)
	at org.gradle.internal.dispatch.ReflectionDispatch.dispatch(ReflectionDispatch.java:35)
	at org.gradle.internal.dispatch.ReflectionDispatch.dispatch(ReflectionDispatch.java:24)
	at org.gradle.internal.remote.internal.hub.MessageHubBackedObjectConnection$DispatchWrapper.dispatch(MessageHubBackedObjectConnection.java:175)
	at org.gradle.internal.remote.internal.hub.MessageHubBackedObjectConnection$DispatchWrapper.dispatch(MessageHubBackedObjectConnection.java:157)
	at org.gradle.internal.remote.internal.hub.MessageHub$Handler.run(MessageHub.java:404)
	at org.gradle.internal.concurrent.ExecutorPolicy$CatchAndRecordFailures.onExecute(ExecutorPolicy.java:63)
	at org.gradle.internal.concurrent.ManagedExecutorImpl$1.run(ManagedExecutorImpl.java:46)
	at java.base/java.util.concurrent.ThreadPoolExecutor.runWorker(ThreadPoolExecutor.java:1128)
	at java.base/java.util.concurrent.ThreadPoolExecutor$Worker.run(ThreadPoolExecutor.java:628)
	at org.gradle.internal.concurrent.ThreadFactoryImpl$ManagedThreadRunnable.run(ThreadFactoryImpl.java:55)
	at java.base/java.lang.Thread.run(Thread.java:834)
</pre>
</span>
</div>
</div>
<div id="tab1" class="tab">
<h2>Tests</h2>
<table>
<thead>
<tr>
<th>Test</th>
<th>Duration</th>
<th>Result</th>
</tr>
</thead>
<tr>
<td class="failures">searchPeriodAnyDataInFuture</td>
<td class="failures">10.467s</td>
<td class="failures">failed</td>
</tr>
<tr>
<td class="success">searchPeriodCurrentMonth</td>
<td class="success">6.728s</td>
<td class="success">passed</td>
</tr>
<tr>
<td class="success">searchPeriodCurrentMonth2</td>
<td class="success">6.919s</td>
<td class="success">passed</td>
</tr>
<tr>
<td class="success">typePeriodInFuture</td>
<td class="success">0s</td>
<td class="success">passed</td>
</tr>
</table>
</div>
<div id="tab2" class="tab">
<h2>Standard output</h2>
<span class="code">
<pre>10:04:39. INFO  tests.TestBase - Test name -----&gt;searchPeriodAnyDataInFuture
10:04:39. INFO  manager.MyListener - Start search element by locator ---&gt;By.id: city
10:04:49. INFO  manager.MyListener - Something went wrong!!!
10:04:49. INFO  manager.MyListener - no such element: Unable to locate element: {&quot;method&quot;:&quot;css selector&quot;,&quot;selector&quot;:&quot;#city&quot;}
  (Session info: chrome=99.0.4844.74)
For documentation on this error, please visit: https://www.seleniumhq.org/exceptions/no_such_element.html
Build info: version: '3.141.59', revision: 'e82be7d358', time: '2018-11-14T08:17:03'
System info: host: 'DESKTOP-GTJO46A', ip: '192.168.1.105', os.name: 'Windows 10', os.arch: 'amd64', os.version: '10.0', java.version: '11.0.13'
Driver info: org.openqa.selenium.chrome.ChromeDriver
Capabilities {acceptInsecureCerts: false, browserName: chrome, browserVersion: 99.0.4844.74, chrome: {chromedriverVersion: 99.0.4844.51 (d537ec02474b5..., userDataDir: C:\Users\Alex\AppData\Local...}, goog:chromeOptions: {debuggerAddress: localhost:56528}, javascriptEnabled: true, networkConnectionEnabled: false, pageLoadStrategy: normal, platform: WINDOWS, platformName: WINDOWS, proxy: Proxy(), setWindowRect: true, strictFileInteractability: false, timeouts: {implicit: 0, pageLoad: 300000, script: 30000}, unhandledPromptBehavior: dismiss and notify, webauthn:extension:credBlob: true, webauthn:extension:largeBlob: true, webauthn:virtualAuthenticators: true}
Session ID: 8dc636f18e76d0c248348d9566e1f228
*** Element info: {Using=id, value=city}
10:04:49. INFO  manager.MyListener - org.openqa.selenium.NoSuchElementException: no such element: Unable to locate element: {&quot;method&quot;:&quot;css selector&quot;,&quot;selector&quot;:&quot;#city&quot;}
  (Session info: chrome=99.0.4844.74)
For documentation on this error, please visit: https://www.seleniumhq.org/exceptions/no_such_element.html
Build info: version: '3.141.59', revision: 'e82be7d358', time: '2018-11-14T08:17:03'
System info: host: 'DESKTOP-GTJO46A', ip: '192.168.1.105', os.name: 'Windows 10', os.arch: 'amd64', os.version: '10.0', java.version: '11.0.13'
Driver info: org.openqa.selenium.chrome.ChromeDriver
Capabilities {acceptInsecureCerts: false, browserName: chrome, browserVersion: 99.0.4844.74, chrome: {chromedriverVersion: 99.0.4844.51 (d537ec02474b5..., userDataDir: C:\Users\Alex\AppData\Local...}, goog:chromeOptions: {debuggerAddress: localhost:56528}, javascriptEnabled: true, networkConnectionEnabled: false, pageLoadStrategy: normal, platform: WINDOWS, platformName: WINDOWS, proxy: Proxy(), setWindowRect: true, strictFileInteractability: false, timeouts: {implicit: 0, pageLoad: 300000, script: 30000}, unhandledPromptBehavior: dismiss and notify, webauthn:extension:credBlob: true, webauthn:extension:largeBlob: true, webauthn:virtualAuthenticators: true}
Session ID: 8dc636f18e76d0c248348d9566e1f228
*** Element info: {Using=id, value=city}
10:04:49. INFO  manager.MyListener - This link to screenshot with error ------&gt;src/test/screenshots289.png
10:04:49. INFO  manager.MyListener - Start search element by locator ---&gt;By.cssSelector: .header a[href='/']
10:04:49. INFO  manager.MyListener - The element with locator ---&gt;By.cssSelector: .header a[href='/']was found
10:04:50. INFO  tests.TestBase - Test endsearchPeriodAnyDataInFuture
10:04:50. INFO  tests.TestBase - Test name -----&gt;searchPeriodCurrentMonth
10:04:50. INFO  manager.MyListener - Start search element by locator ---&gt;By.id: city
10:04:50. INFO  manager.MyListener - The element with locator ---&gt;By.id: citywas found
10:04:50. INFO  manager.MyListener - Start search element by locator ---&gt;By.cssSelector: .pac-item
10:04:50. INFO  manager.MyListener - The element with locator ---&gt;By.cssSelector: .pac-itemwas found
10:04:51. INFO  manager.MyListener - Start search element by locator ---&gt;By.id: dates
10:04:51. INFO  manager.MyListener - The element with locator ---&gt;By.id: dateswas found
10:04:51. INFO  manager.MyListener - Start search element by locator ---&gt;By.xpath: //div[text()=' 25 ']
10:04:51. INFO  manager.MyListener - The element with locator ---&gt;By.xpath: //div[text()=' 25 ']was found
10:04:51. INFO  manager.MyListener - Start search element by locator ---&gt;By.xpath: //div[text()=' 28 ']
10:04:51. INFO  manager.MyListener - The element with locator ---&gt;By.xpath: //div[text()=' 28 ']was found
10:04:56. INFO  manager.MyListener - Start search element by locator ---&gt;By.xpath: //button[@type='submit']
10:04:56. INFO  manager.MyListener - The element with locator ---&gt;By.xpath: //button[@type='submit']was found
10:04:56. INFO  manager.MyListener - Start search element by locator ---&gt;By.cssSelector: .search-results
10:04:56. INFO  manager.MyListener - The element with locator ---&gt;By.cssSelector: .search-resultswas found
10:04:56. INFO  manager.MyListener - Start search element by locator ---&gt;By.cssSelector: .header a[href='/']
10:04:56. INFO  manager.MyListener - The element with locator ---&gt;By.cssSelector: .header a[href='/']was found
10:04:57. INFO  tests.TestBase - Test endsearchPeriodCurrentMonth
10:04:57. INFO  tests.TestBase - Test name -----&gt;searchPeriodCurrentMonth2
10:04:57. INFO  manager.MyListener - Start search element by locator ---&gt;By.id: city
10:04:57. INFO  manager.MyListener - The element with locator ---&gt;By.id: citywas found
10:04:57. INFO  manager.MyListener - Start search element by locator ---&gt;By.cssSelector: .pac-item
10:04:58. INFO  manager.MyListener - The element with locator ---&gt;By.cssSelector: .pac-itemwas found
10:04:58. INFO  manager.MyListener - Start search element by locator ---&gt;By.id: dates
10:04:58. INFO  manager.MyListener - The element with locator ---&gt;By.id: dateswas found
10:04:58. INFO  manager.MyListener - Start search element by locator ---&gt;By.xpath: //div[text()=' 25 ']
10:04:58. INFO  manager.MyListener - The element with locator ---&gt;By.xpath: //div[text()=' 25 ']was found
10:04:58. INFO  manager.MyListener - Start search element by locator ---&gt;By.xpath: //div[text()=' 28 ']
10:04:58. INFO  manager.MyListener - The element with locator ---&gt;By.xpath: //div[text()=' 28 ']was found
10:05:03. INFO  manager.MyListener - Start search element by locator ---&gt;By.xpath: //button[@type='submit']
10:05:03. INFO  manager.MyListener - The element with locator ---&gt;By.xpath: //button[@type='submit']was found
10:05:04. INFO  manager.MyListener - Start search element by locator ---&gt;By.cssSelector: .search-results
10:05:04. INFO  manager.MyListener - The element with locator ---&gt;By.cssSelector: .search-resultswas found
10:05:04. INFO  manager.MyListener - Start search element by locator ---&gt;By.cssSelector: .header a[href='/']
10:05:04. INFO  manager.MyListener - The element with locator ---&gt;By.cssSelector: .header a[href='/']was found
10:05:04. INFO  tests.TestBase - Test endsearchPeriodCurrentMonth2
10:05:04. INFO  tests.TestBase - Test name -----&gt;typePeriodInFuture
10:05:04. INFO  manager.MyListener - Start search element by locator ---&gt;By.cssSelector: .header a[href='/']
10:05:04. INFO  manager.MyListener - The element with locator ---&gt;By.cssSelector: .header a[href='/']was found
10:05:04. INFO  tests.TestBase - Test endtypePeriodInFuture
</pre>
</span>
</div>
</div>
<div id="footer">
<p>
<div>
<label class="hidden" id="label-for-line-wrapping-toggle" for="line-wrapping-toggle">Wrap lines
<input id="line-wrapping-toggle" type="checkbox" autocomplete="off"/>
</label>
</div>Generated by 
<a href="http://www.gradle.org">Gradle 5.2.1</a> at Mar 18, 2022, 10:05:05 AM</p>
</div>
</div>
</body>
</html>
